0 info it worked if it ends with ok
1 verbose cli [ '/usr/local/bin/node',
1 verbose cli   '/usr/local/bin/npm',
1 verbose cli   'rebuild',
1 verbose cli   '--production',
1 verbose cli   '--cache-min',
1 verbose cli   '999999999',
1 verbose cli   '--build-from-source' ]
2 info using npm@2.15.8
3 info using node@v4.4.7
4 info readInstalled object
5 verbose rebuild path, id [ '/Users/przemol/electron-quick-start/app', 'SeqPlots@3.0.9' ]
6 verbose rebuild path, id [ '/Users/przemol/electron-quick-start/app/node_modules/jquery',
6 verbose rebuild   'jquery@3.1.1' ]
7 verbose rebuild path, id [ '/Users/przemol/electron-quick-start/app/node_modules/bootstrap',
7 verbose rebuild   'bootstrap@3.3.7' ]
8 verbose rebuild path, id [ '/Users/przemol/electron-quick-start/app/node_modules/ngrok',
8 verbose rebuild   'ngrok@2.2.3' ]
9 verbose rebuild path, id [ '/Users/przemol/electron-quick-start/app/node_modules/ngrok/node_modules/async',
9 verbose rebuild   'async@0.9.2' ]
10 verbose rebuild path, id [ '/Users/przemol/electron-quick-start/app/node_modules/ngrok/node_modules/decompress-zip',
10 verbose rebuild   'decompress-zip@0.3.0' ]
11 verbose rebuild path, id [ '/Users/przemol/electron-quick-start/app/node_modules/ngrok/node_modules/decompress-zip/node_modules/binary',
11 verbose rebuild   'binary@0.3.0' ]
12 verbose rebuild path, id [ '/Users/przemol/electron-quick-start/app/node_modules/ngrok/node_modules/decompress-zip/node_modules/binary/node_modules/chainsaw',
12 verbose rebuild   'chainsaw@0.1.0' ]
13 verbose rebuild path, id [ '/Users/przemol/electron-quick-start/app/node_modules/ngrok/node_modules/decompress-zip/node_modules/binary/node_modules/chainsaw/node_modules/traverse',
13 verbose rebuild   'traverse@0.3.9' ]
14 verbose rebuild path, id [ '/Users/przemol/electron-quick-start/app/node_modules/ngrok/node_modules/decompress-zip/node_modules/binary/node_modules/buffers',
14 verbose rebuild   'buffers@0.1.1' ]
15 verbose rebuild path, id [ '/Users/przemol/electron-quick-start/app/node_modules/ngrok/node_modules/decompress-zip/node_modules/graceful-fs',
15 verbose rebuild   'graceful-fs@4.1.9' ]
16 verbose rebuild path, id [ '/Users/przemol/electron-quick-start/app/node_modules/ngrok/node_modules/decompress-zip/node_modules/mkpath',
16 verbose rebuild   'mkpath@0.1.0' ]
17 verbose rebuild path, id [ '/Users/przemol/electron-quick-start/app/node_modules/ngrok/node_modules/decompress-zip/node_modules/nopt',
17 verbose rebuild   'nopt@3.0.6' ]
18 verbose rebuild path, id [ '/Users/przemol/electron-quick-start/app/node_modules/ngrok/node_modules/decompress-zip/node_modules/nopt/node_modules/abbrev',
18 verbose rebuild   'abbrev@1.0.9' ]
19 verbose rebuild path, id [ '/Users/przemol/electron-quick-start/app/node_modules/ngrok/node_modules/decompress-zip/node_modules/q',
19 verbose rebuild   'q@1.4.1' ]
20 verbose rebuild path, id [ '/Users/przemol/electron-quick-start/app/node_modules/ngrok/node_modules/decompress-zip/node_modules/readable-stream',
20 verbose rebuild   'readable-stream@1.1.14' ]
21 verbose rebuild path, id [ '/Users/przemol/electron-quick-start/app/node_modules/ngrok/node_modules/decompress-zip/node_modules/readable-stream/node_modules/core-util-is',
21 verbose rebuild   'core-util-is@1.0.2' ]
22 verbose rebuild path, id [ '/Users/przemol/electron-quick-start/app/node_modules/ngrok/node_modules/decompress-zip/node_modules/readable-stream/node_modules/isarray',
22 verbose rebuild   'isarray@0.0.1' ]
23 verbose rebuild path, id [ '/Users/przemol/electron-quick-start/app/node_modules/ngrok/node_modules/decompress-zip/node_modules/readable-stream/node_modules/string_decoder',
23 verbose rebuild   'string_decoder@0.10.31' ]
24 verbose rebuild path, id [ '/Users/przemol/electron-quick-start/app/node_modules/ngrok/node_modules/decompress-zip/node_modules/readable-stream/node_modules/inherits',
24 verbose rebuild   'inherits@2.0.3' ]
25 verbose rebuild path, id [ '/Users/przemol/electron-quick-start/app/node_modules/ngrok/node_modules/decompress-zip/node_modules/touch',
25 verbose rebuild   'touch@0.0.3' ]
26 verbose rebuild path, id [ '/Users/przemol/electron-quick-start/app/node_modules/ngrok/node_modules/decompress-zip/node_modules/touch/node_modules/nopt',
26 verbose rebuild   'nopt@1.0.10' ]
27 verbose rebuild path, id [ '/Users/przemol/electron-quick-start/app/node_modules/ngrok/node_modules/decompress-zip/node_modules/touch/node_modules/nopt/node_modules/abbrev',
27 verbose rebuild   'abbrev@1.0.9' ]
28 verbose rebuild path, id [ '/Users/przemol/electron-quick-start/app/node_modules/ngrok/node_modules/lock',
28 verbose rebuild   'lock@0.1.3' ]
29 verbose rebuild path, id [ '/Users/przemol/electron-quick-start/app/node_modules/ngrok/node_modules/node-uuid',
29 verbose rebuild   'node-uuid@1.4.7' ]
30 verbose rebuild path, id [ '/Users/przemol/electron-quick-start/app/node_modules/ngrok/node_modules/request',
30 verbose rebuild   'request@2.75.0' ]
31 verbose rebuild path, id [ '/Users/przemol/electron-quick-start/app/node_modules/ngrok/node_modules/request/node_modules/aws-sign2',
31 verbose rebuild   'aws-sign2@0.6.0' ]
32 verbose rebuild path, id [ '/Users/przemol/electron-quick-start/app/node_modules/ngrok/node_modules/request/node_modules/aws4',
32 verbose rebuild   'aws4@1.4.1' ]
33 verbose rebuild path, id [ '/Users/przemol/electron-quick-start/app/node_modules/ngrok/node_modules/request/node_modules/bl',
33 verbose rebuild   'bl@1.1.2' ]
34 verbose rebuild path, id [ '/Users/przemol/electron-quick-start/app/node_modules/ngrok/node_modules/request/node_modules/bl/node_modules/readable-stream',
34 verbose rebuild   'readable-stream@2.0.6' ]
35 verbose rebuild path, id [ '/Users/przemol/electron-quick-start/app/node_modules/ngrok/node_modules/request/node_modules/bl/node_modules/readable-stream/node_modules/core-util-is',
35 verbose rebuild   'core-util-is@1.0.2' ]
36 verbose rebuild path, id [ '/Users/przemol/electron-quick-start/app/node_modules/ngrok/node_modules/request/node_modules/bl/node_modules/readable-stream/node_modules/inherits',
36 verbose rebuild   'inherits@2.0.3' ]
37 verbose rebuild path, id [ '/Users/przemol/electron-quick-start/app/node_modules/ngrok/node_modules/request/node_modules/bl/node_modules/readable-stream/node_modules/isarray',
37 verbose rebuild   'isarray@1.0.0' ]
38 verbose rebuild path, id [ '/Users/przemol/electron-quick-start/app/node_modules/ngrok/node_modules/request/node_modules/bl/node_modules/readable-stream/node_modules/process-nextick-args',
38 verbose rebuild   'process-nextick-args@1.0.7' ]
39 verbose rebuild path, id [ '/Users/przemol/electron-quick-start/app/node_modules/ngrok/node_modules/request/node_modules/bl/node_modules/readable-stream/node_modules/string_decoder',
39 verbose rebuild   'string_decoder@0.10.31' ]
40 verbose rebuild path, id [ '/Users/przemol/electron-quick-start/app/node_modules/ngrok/node_modules/request/node_modules/bl/node_modules/readable-stream/node_modules/util-deprecate',
40 verbose rebuild   'util-deprecate@1.0.2' ]
41 verbose rebuild path, id [ '/Users/przemol/electron-quick-start/app/node_modules/ngrok/node_modules/request/node_modules/caseless',
41 verbose rebuild   'caseless@0.11.0' ]
42 verbose rebuild path, id [ '/Users/przemol/electron-quick-start/app/node_modules/ngrok/node_modules/request/node_modules/combined-stream',
42 verbose rebuild   'combined-stream@1.0.5' ]
43 verbose rebuild path, id [ '/Users/przemol/electron-quick-start/app/node_modules/ngrok/node_modules/request/node_modules/combined-stream/node_modules/delayed-stream',
43 verbose rebuild   'delayed-stream@1.0.0' ]
44 verbose rebuild path, id [ '/Users/przemol/electron-quick-start/app/node_modules/ngrok/node_modules/request/node_modules/extend',
44 verbose rebuild   'extend@3.0.0' ]
45 verbose rebuild path, id [ '/Users/przemol/electron-quick-start/app/node_modules/ngrok/node_modules/request/node_modules/forever-agent',
45 verbose rebuild   'forever-agent@0.6.1' ]
46 verbose rebuild path, id [ '/Users/przemol/electron-quick-start/app/node_modules/ngrok/node_modules/request/node_modules/form-data',
46 verbose rebuild   'form-data@2.0.0' ]
47 verbose rebuild path, id [ '/Users/przemol/electron-quick-start/app/node_modules/ngrok/node_modules/request/node_modules/form-data/node_modules/asynckit',
47 verbose rebuild   'asynckit@0.4.0' ]
48 verbose rebuild path, id [ '/Users/przemol/electron-quick-start/app/node_modules/ngrok/node_modules/request/node_modules/mime-types',
48 verbose rebuild   'mime-types@2.1.12' ]
49 verbose rebuild path, id [ '/Users/przemol/electron-quick-start/app/node_modules/ngrok/node_modules/request/node_modules/mime-types/node_modules/mime-db',
49 verbose rebuild   'mime-db@1.24.0' ]
50 verbose rebuild path, id [ '/Users/przemol/electron-quick-start/app/node_modules/ngrok/node_modules/request/node_modules/har-validator',
50 verbose rebuild   'har-validator@2.0.6' ]
51 verbose rebuild path, id [ '/Users/przemol/electron-quick-start/app/node_modules/ngrok/node_modules/request/node_modules/har-validator/node_modules/chalk',
51 verbose rebuild   'chalk@1.1.3' ]
52 verbose rebuild path, id [ '/Users/przemol/electron-quick-start/app/node_modules/ngrok/node_modules/request/node_modules/har-validator/node_modules/chalk/node_modules/ansi-styles',
52 verbose rebuild   'ansi-styles@2.2.1' ]
53 verbose rebuild path, id [ '/Users/przemol/electron-quick-start/app/node_modules/ngrok/node_modules/request/node_modules/har-validator/node_modules/chalk/node_modules/escape-string-regexp',
53 verbose rebuild   'escape-string-regexp@1.0.5' ]
54 verbose rebuild path, id [ '/Users/przemol/electron-quick-start/app/node_modules/ngrok/node_modules/request/node_modules/har-validator/node_modules/chalk/node_modules/has-ansi',
54 verbose rebuild   'has-ansi@2.0.0' ]
55 verbose rebuild path, id [ '/Users/przemol/electron-quick-start/app/node_modules/ngrok/node_modules/request/node_modules/har-validator/node_modules/chalk/node_modules/has-ansi/node_modules/ansi-regex',
55 verbose rebuild   'ansi-regex@2.0.0' ]
56 verbose rebuild path, id [ '/Users/przemol/electron-quick-start/app/node_modules/ngrok/node_modules/request/node_modules/har-validator/node_modules/chalk/node_modules/strip-ansi',
56 verbose rebuild   'strip-ansi@3.0.1' ]
57 verbose rebuild path, id [ '/Users/przemol/electron-quick-start/app/node_modules/ngrok/node_modules/request/node_modules/har-validator/node_modules/chalk/node_modules/strip-ansi/node_modules/ansi-regex',
57 verbose rebuild   'ansi-regex@2.0.0' ]
58 verbose rebuild path, id [ '/Users/przemol/electron-quick-start/app/node_modules/ngrok/node_modules/request/node_modules/har-validator/node_modules/chalk/node_modules/supports-color',
58 verbose rebuild   'supports-color@2.0.0' ]
59 verbose rebuild path, id [ '/Users/przemol/electron-quick-start/app/node_modules/ngrok/node_modules/request/node_modules/har-validator/node_modules/commander',
59 verbose rebuild   'commander@2.9.0' ]
60 verbose rebuild path, id [ '/Users/przemol/electron-quick-start/app/node_modules/ngrok/node_modules/request/node_modules/har-validator/node_modules/commander/node_modules/graceful-readlink',
60 verbose rebuild   'graceful-readlink@1.0.1' ]
61 verbose rebuild path, id [ '/Users/przemol/electron-quick-start/app/node_modules/ngrok/node_modules/request/node_modules/har-validator/node_modules/is-my-json-valid',
61 verbose rebuild   'is-my-json-valid@2.15.0' ]
62 verbose rebuild path, id [ '/Users/przemol/electron-quick-start/app/node_modules/ngrok/node_modules/request/node_modules/har-validator/node_modules/is-my-json-valid/node_modules/generate-function',
62 verbose rebuild   'generate-function@2.0.0' ]
63 verbose rebuild path, id [ '/Users/przemol/electron-quick-start/app/node_modules/ngrok/node_modules/request/node_modules/har-validator/node_modules/is-my-json-valid/node_modules/generate-object-property',
63 verbose rebuild   'generate-object-property@1.2.0' ]
64 verbose rebuild path, id [ '/Users/przemol/electron-quick-start/app/node_modules/ngrok/node_modules/request/node_modules/har-validator/node_modules/is-my-json-valid/node_modules/generate-object-property/node_modules/is-property',
64 verbose rebuild   'is-property@1.0.2' ]
65 verbose rebuild path, id [ '/Users/przemol/electron-quick-start/app/node_modules/ngrok/node_modules/request/node_modules/har-validator/node_modules/is-my-json-valid/node_modules/jsonpointer',
65 verbose rebuild   'jsonpointer@4.0.0' ]
66 verbose rebuild path, id [ '/Users/przemol/electron-quick-start/app/node_modules/ngrok/node_modules/xtend',
66 verbose rebuild   'xtend@4.0.1' ]
67 verbose rebuild path, id [ '/Users/przemol/electron-quick-start/app/node_modules/ngrok/node_modules/request/node_modules/har-validator/node_modules/pinkie-promise',
67 verbose rebuild   'pinkie-promise@2.0.1' ]
68 verbose rebuild path, id [ '/Users/przemol/electron-quick-start/app/node_modules/ngrok/node_modules/request/node_modules/har-validator/node_modules/pinkie-promise/node_modules/pinkie',
68 verbose rebuild   'pinkie@2.0.4' ]
69 verbose rebuild path, id [ '/Users/przemol/electron-quick-start/app/node_modules/ngrok/node_modules/request/node_modules/hawk',
69 verbose rebuild   'hawk@3.1.3' ]
70 verbose rebuild path, id [ '/Users/przemol/electron-quick-start/app/node_modules/ngrok/node_modules/request/node_modules/hawk/node_modules/hoek',
70 verbose rebuild   'hoek@2.16.3' ]
71 verbose rebuild path, id [ '/Users/przemol/electron-quick-start/app/node_modules/ngrok/node_modules/request/node_modules/hawk/node_modules/boom',
71 verbose rebuild   'boom@2.10.1' ]
72 verbose rebuild path, id [ '/Users/przemol/electron-quick-start/app/node_modules/ngrok/node_modules/request/node_modules/hawk/node_modules/cryptiles',
72 verbose rebuild   'cryptiles@2.0.5' ]
73 verbose rebuild path, id [ '/Users/przemol/electron-quick-start/app/node_modules/ngrok/node_modules/request/node_modules/hawk/node_modules/sntp',
73 verbose rebuild   'sntp@1.0.9' ]
74 verbose rebuild path, id [ '/Users/przemol/electron-quick-start/app/node_modules/ngrok/node_modules/request/node_modules/http-signature',
74 verbose rebuild   'http-signature@1.1.1' ]
75 verbose rebuild path, id [ '/Users/przemol/electron-quick-start/app/node_modules/ngrok/node_modules/request/node_modules/http-signature/node_modules/assert-plus',
75 verbose rebuild   'assert-plus@0.2.0' ]
76 verbose rebuild path, id [ '/Users/przemol/electron-quick-start/app/node_modules/ngrok/node_modules/request/node_modules/http-signature/node_modules/jsprim',
76 verbose rebuild   'jsprim@1.3.1' ]
77 verbose rebuild path, id [ '/Users/przemol/electron-quick-start/app/node_modules/ngrok/node_modules/request/node_modules/http-signature/node_modules/jsprim/node_modules/extsprintf',
77 verbose rebuild   'extsprintf@1.0.2' ]
78 verbose rebuild path, id [ '/Users/przemol/electron-quick-start/app/node_modules/ngrok/node_modules/request/node_modules/http-signature/node_modules/jsprim/node_modules/json-schema',
78 verbose rebuild   'json-schema@0.2.3' ]
79 verbose rebuild path, id [ '/Users/przemol/electron-quick-start/app/node_modules/ngrok/node_modules/request/node_modules/http-signature/node_modules/jsprim/node_modules/verror',
79 verbose rebuild   'verror@1.3.6' ]
80 verbose rebuild path, id [ '/Users/przemol/electron-quick-start/app/node_modules/ngrok/node_modules/request/node_modules/http-signature/node_modules/sshpk',
80 verbose rebuild   'sshpk@1.10.1' ]
81 verbose rebuild path, id [ '/Users/przemol/electron-quick-start/app/node_modules/ngrok/node_modules/request/node_modules/http-signature/node_modules/sshpk/node_modules/asn1',
81 verbose rebuild   'asn1@0.2.3' ]
82 verbose rebuild path, id [ '/Users/przemol/electron-quick-start/app/node_modules/ngrok/node_modules/request/node_modules/http-signature/node_modules/sshpk/node_modules/assert-plus',
82 verbose rebuild   'assert-plus@1.0.0' ]
83 verbose rebuild path, id [ '/Users/przemol/electron-quick-start/app/node_modules/ngrok/node_modules/request/node_modules/http-signature/node_modules/sshpk/node_modules/dashdash',
83 verbose rebuild   'dashdash@1.14.0' ]
84 verbose rebuild path, id [ '/Users/przemol/electron-quick-start/app/node_modules/ngrok/node_modules/request/node_modules/http-signature/node_modules/sshpk/node_modules/getpass',
84 verbose rebuild   'getpass@0.1.6' ]
85 verbose rebuild path, id [ '/Users/przemol/electron-quick-start/app/node_modules/ngrok/node_modules/request/node_modules/http-signature/node_modules/sshpk/node_modules/jsbn',
85 verbose rebuild   'jsbn@0.1.0' ]
86 verbose rebuild path, id [ '/Users/przemol/electron-quick-start/app/node_modules/ngrok/node_modules/request/node_modules/http-signature/node_modules/sshpk/node_modules/tweetnacl',
86 verbose rebuild   'tweetnacl@0.14.3' ]
87 verbose rebuild path, id [ '/Users/przemol/electron-quick-start/app/node_modules/ngrok/node_modules/request/node_modules/http-signature/node_modules/sshpk/node_modules/jodid25519',
87 verbose rebuild   'jodid25519@1.0.2' ]
88 verbose rebuild path, id [ '/Users/przemol/electron-quick-start/app/node_modules/ngrok/node_modules/request/node_modules/http-signature/node_modules/sshpk/node_modules/ecc-jsbn',
88 verbose rebuild   'ecc-jsbn@0.1.1' ]
89 verbose rebuild path, id [ '/Users/przemol/electron-quick-start/app/node_modules/ngrok/node_modules/request/node_modules/http-signature/node_modules/sshpk/node_modules/bcrypt-pbkdf',
89 verbose rebuild   'bcrypt-pbkdf@1.0.0' ]
90 verbose rebuild path, id [ '/Users/przemol/electron-quick-start/app/node_modules/ngrok/node_modules/request/node_modules/is-typedarray',
90 verbose rebuild   'is-typedarray@1.0.0' ]
91 verbose rebuild path, id [ '/Users/przemol/electron-quick-start/app/node_modules/ngrok/node_modules/request/node_modules/isstream',
91 verbose rebuild   'isstream@0.1.2' ]
92 verbose rebuild path, id [ '/Users/przemol/electron-quick-start/app/node_modules/ngrok/node_modules/request/node_modules/json-stringify-safe',
92 verbose rebuild   'json-stringify-safe@5.0.1' ]
93 verbose rebuild path, id [ '/Users/przemol/electron-quick-start/app/node_modules/ngrok/node_modules/request/node_modules/oauth-sign',
93 verbose rebuild   'oauth-sign@0.8.2' ]
94 verbose rebuild path, id [ '/Users/przemol/electron-quick-start/app/node_modules/ngrok/node_modules/request/node_modules/qs',
94 verbose rebuild   'qs@6.2.1' ]
95 verbose rebuild path, id [ '/Users/przemol/electron-quick-start/app/node_modules/ngrok/node_modules/request/node_modules/stringstream',
95 verbose rebuild   'stringstream@0.0.5' ]
96 verbose rebuild path, id [ '/Users/przemol/electron-quick-start/app/node_modules/ngrok/node_modules/request/node_modules/tough-cookie',
96 verbose rebuild   'tough-cookie@2.3.1' ]
97 verbose rebuild path, id [ '/Users/przemol/electron-quick-start/app/node_modules/ngrok/node_modules/request/node_modules/tunnel-agent',
97 verbose rebuild   'tunnel-agent@0.4.3' ]
98 verbose rebuild path, id [ '/Users/przemol/electron-quick-start/app/node_modules/electron-squirrel-startup',
98 verbose rebuild   'electron-squirrel-startup@1.0.0' ]
99 verbose rebuild path, id [ '/Users/przemol/electron-quick-start/app/node_modules/electron-squirrel-startup/node_modules/debug',
99 verbose rebuild   'debug@2.2.0' ]
100 verbose rebuild path, id [ '/Users/przemol/electron-quick-start/app/node_modules/electron-squirrel-startup/node_modules/debug/node_modules/ms',
100 verbose rebuild   'ms@0.7.1' ]
101 silly rebuild set [ '/Users/przemol/electron-quick-start/app/node_modules/jquery',
101 silly rebuild set   '/Users/przemol/electron-quick-start/app/node_modules/bootstrap',
101 silly rebuild set   '/Users/przemol/electron-quick-start/app/node_modules/ngrok',
101 silly rebuild set   '/Users/przemol/electron-quick-start/app/node_modules/ngrok/node_modules/async',
101 silly rebuild set   '/Users/przemol/electron-quick-start/app/node_modules/ngrok/node_modules/decompress-zip',
101 silly rebuild set   '/Users/przemol/electron-quick-start/app/node_modules/ngrok/node_modules/decompress-zip/node_modules/binary',
101 silly rebuild set   '/Users/przemol/electron-quick-start/app/node_modules/ngrok/node_modules/decompress-zip/node_modules/binary/node_modules/chainsaw',
101 silly rebuild set   '/Users/przemol/electron-quick-start/app/node_modules/ngrok/node_modules/decompress-zip/node_modules/binary/node_modules/chainsaw/node_modules/traverse',
101 silly rebuild set   '/Users/przemol/electron-quick-start/app/node_modules/ngrok/node_modules/decompress-zip/node_modules/binary/node_modules/buffers',
101 silly rebuild set   '/Users/przemol/electron-quick-start/app/node_modules/ngrok/node_modules/decompress-zip/node_modules/graceful-fs',
101 silly rebuild set   '/Users/przemol/electron-quick-start/app/node_modules/ngrok/node_modules/decompress-zip/node_modules/mkpath',
101 silly rebuild set   '/Users/przemol/electron-quick-start/app/node_modules/ngrok/node_modules/decompress-zip/node_modules/nopt',
101 silly rebuild set   '/Users/przemol/electron-quick-start/app/node_modules/ngrok/node_modules/decompress-zip/node_modules/nopt/node_modules/abbrev',
101 silly rebuild set   '/Users/przemol/electron-quick-start/app/node_modules/ngrok/node_modules/decompress-zip/node_modules/q',
101 silly rebuild set   '/Users/przemol/electron-quick-start/app/node_modules/ngrok/node_modules/decompress-zip/node_modules/readable-stream',
101 silly rebuild set   '/Users/przemol/electron-quick-start/app/node_modules/ngrok/node_modules/decompress-zip/node_modules/readable-stream/node_modules/core-util-is',
101 silly rebuild set   '/Users/przemol/electron-quick-start/app/node_modules/ngrok/node_modules/decompress-zip/node_modules/readable-stream/node_modules/isarray',
101 silly rebuild set   '/Users/przemol/electron-quick-start/app/node_modules/ngrok/node_modules/decompress-zip/node_modules/readable-stream/node_modules/string_decoder',
101 silly rebuild set   '/Users/przemol/electron-quick-start/app/node_modules/ngrok/node_modules/decompress-zip/node_modules/readable-stream/node_modules/inherits',
101 silly rebuild set   '/Users/przemol/electron-quick-start/app/node_modules/ngrok/node_modules/decompress-zip/node_modules/touch',
101 silly rebuild set   '/Users/przemol/electron-quick-start/app/node_modules/ngrok/node_modules/decompress-zip/node_modules/touch/node_modules/nopt',
101 silly rebuild set   '/Users/przemol/electron-quick-start/app/node_modules/ngrok/node_modules/decompress-zip/node_modules/touch/node_modules/nopt/node_modules/abbrev',
101 silly rebuild set   '/Users/przemol/electron-quick-start/app/node_modules/ngrok/node_modules/lock',
101 silly rebuild set   '/Users/przemol/electron-quick-start/app/node_modules/ngrok/node_modules/node-uuid',
101 silly rebuild set   '/Users/przemol/electron-quick-start/app/node_modules/ngrok/node_modules/request',
101 silly rebuild set   '/Users/przemol/electron-quick-start/app/node_modules/ngrok/node_modules/request/node_modules/aws-sign2',
101 silly rebuild set   '/Users/przemol/electron-quick-start/app/node_modules/ngrok/node_modules/request/node_modules/aws4',
101 silly rebuild set   '/Users/przemol/electron-quick-start/app/node_modules/ngrok/node_modules/request/node_modules/bl',
101 silly rebuild set   '/Users/przemol/electron-quick-start/app/node_modules/ngrok/node_modules/request/node_modules/bl/node_modules/readable-stream',
101 silly rebuild set   '/Users/przemol/electron-quick-start/app/node_modules/ngrok/node_modules/request/node_modules/bl/node_modules/readable-stream/node_modules/core-util-is',
101 silly rebuild set   '/Users/przemol/electron-quick-start/app/node_modules/ngrok/node_modules/request/node_modules/bl/node_modules/readable-stream/node_modules/inherits',
101 silly rebuild set   '/Users/przemol/electron-quick-start/app/node_modules/ngrok/node_modules/request/node_modules/bl/node_modules/readable-stream/node_modules/isarray',
101 silly rebuild set   '/Users/przemol/electron-quick-start/app/node_modules/ngrok/node_modules/request/node_modules/bl/node_modules/readable-stream/node_modules/process-nextick-args',
101 silly rebuild set   '/Users/przemol/electron-quick-start/app/node_modules/ngrok/node_modules/request/node_modules/bl/node_modules/readable-stream/node_modules/string_decoder',
101 silly rebuild set   '/Users/przemol/electron-quick-start/app/node_modules/ngrok/node_modules/request/node_modules/bl/node_modules/readable-stream/node_modules/util-deprecate',
101 silly rebuild set   '/Users/przemol/electron-quick-start/app/node_modules/ngrok/node_modules/request/node_modules/caseless',
101 silly rebuild set   '/Users/przemol/electron-quick-start/app/node_modules/ngrok/node_modules/request/node_modules/combined-stream',
101 silly rebuild set   '/Users/przemol/electron-quick-start/app/node_modules/ngrok/node_modules/request/node_modules/combined-stream/node_modules/delayed-stream',
101 silly rebuild set   '/Users/przemol/electron-quick-start/app/node_modules/ngrok/node_modules/request/node_modules/extend',
101 silly rebuild set   '/Users/przemol/electron-quick-start/app/node_modules/ngrok/node_modules/request/node_modules/forever-agent',
101 silly rebuild set   '/Users/przemol/electron-quick-start/app/node_modules/ngrok/node_modules/request/node_modules/form-data',
101 silly rebuild set   '/Users/przemol/electron-quick-start/app/node_modules/ngrok/node_modules/request/node_modules/form-data/node_modules/asynckit',
101 silly rebuild set   '/Users/przemol/electron-quick-start/app/node_modules/ngrok/node_modules/request/node_modules/mime-types',
101 silly rebuild set   '/Users/przemol/electron-quick-start/app/node_modules/ngrok/node_modules/request/node_modules/mime-types/node_modules/mime-db',
101 silly rebuild set   '/Users/przemol/electron-quick-start/app/node_modules/ngrok/node_modules/request/node_modules/har-validator',
101 silly rebuild set   '/Users/przemol/electron-quick-start/app/node_modules/ngrok/node_modules/request/node_modules/har-validator/node_modules/chalk',
101 silly rebuild set   '/Users/przemol/electron-quick-start/app/node_modules/ngrok/node_modules/request/node_modules/har-validator/node_modules/chalk/node_modules/ansi-styles',
101 silly rebuild set   '/Users/przemol/electron-quick-start/app/node_modules/ngrok/node_modules/request/node_modules/har-validator/node_modules/chalk/node_modules/escape-string-regexp',
101 silly rebuild set   '/Users/przemol/electron-quick-start/app/node_modules/ngrok/node_modules/request/node_modules/har-validator/node_modules/chalk/node_modules/has-ansi',
101 silly rebuild set   '/Users/przemol/electron-quick-start/app/node_modules/ngrok/node_modules/request/node_modules/har-validator/node_modules/chalk/node_modules/has-ansi/node_modules/ansi-regex',
101 silly rebuild set   '/Users/przemol/electron-quick-start/app/node_modules/ngrok/node_modules/request/node_modules/har-validator/node_modules/chalk/node_modules/strip-ansi',
101 silly rebuild set   '/Users/przemol/electron-quick-start/app/node_modules/ngrok/node_modules/request/node_modules/har-validator/node_modules/chalk/node_modules/strip-ansi/node_modules/ansi-regex',
101 silly rebuild set   '/Users/przemol/electron-quick-start/app/node_modules/ngrok/node_modules/request/node_modules/har-validator/node_modules/chalk/node_modules/supports-color',
101 silly rebuild set   '/Users/przemol/electron-quick-start/app/node_modules/ngrok/node_modules/request/node_modules/har-validator/node_modules/commander',
101 silly rebuild set   '/Users/przemol/electron-quick-start/app/node_modules/ngrok/node_modules/request/node_modules/har-validator/node_modules/commander/node_modules/graceful-readlink',
101 silly rebuild set   '/Users/przemol/electron-quick-start/app/node_modules/ngrok/node_modules/request/node_modules/har-validator/node_modules/is-my-json-valid',
101 silly rebuild set   '/Users/przemol/electron-quick-start/app/node_modules/ngrok/node_modules/request/node_modules/har-validator/node_modules/is-my-json-valid/node_modules/generate-function',
101 silly rebuild set   '/Users/przemol/electron-quick-start/app/node_modules/ngrok/node_modules/request/node_modules/har-validator/node_modules/is-my-json-valid/node_modules/generate-object-property',
101 silly rebuild set   '/Users/przemol/electron-quick-start/app/node_modules/ngrok/node_modules/request/node_modules/har-validator/node_modules/is-my-json-valid/node_modules/generate-object-property/node_modules/is-property',
101 silly rebuild set   '/Users/przemol/electron-quick-start/app/node_modules/ngrok/node_modules/request/node_modules/har-validator/node_modules/is-my-json-valid/node_modules/jsonpointer',
101 silly rebuild set   '/Users/przemol/electron-quick-start/app/node_modules/ngrok/node_modules/xtend',
101 silly rebuild set   '/Users/przemol/electron-quick-start/app/node_modules/ngrok/node_modules/request/node_modules/har-validator/node_modules/pinkie-promise',
101 silly rebuild set   '/Users/przemol/electron-quick-start/app/node_modules/ngrok/node_modules/request/node_modules/har-validator/node_modules/pinkie-promise/node_modules/pinkie',
101 silly rebuild set   '/Users/przemol/electron-quick-start/app/node_modules/ngrok/node_modules/request/node_modules/hawk',
101 silly rebuild set   '/Users/przemol/electron-quick-start/app/node_modules/ngrok/node_modules/request/node_modules/hawk/node_modules/hoek',
101 silly rebuild set   '/Users/przemol/electron-quick-start/app/node_modules/ngrok/node_modules/request/node_modules/hawk/node_modules/boom',
101 silly rebuild set   '/Users/przemol/electron-quick-start/app/node_modules/ngrok/node_modules/request/node_modules/hawk/node_modules/cryptiles',
101 silly rebuild set   '/Users/przemol/electron-quick-start/app/node_modules/ngrok/node_modules/request/node_modules/hawk/node_modules/sntp',
101 silly rebuild set   '/Users/przemol/electron-quick-start/app/node_modules/ngrok/node_modules/request/node_modules/http-signature',
101 silly rebuild set   '/Users/przemol/electron-quick-start/app/node_modules/ngrok/node_modules/request/node_modules/http-signature/node_modules/assert-plus',
101 silly rebuild set   '/Users/przemol/electron-quick-start/app/node_modules/ngrok/node_modules/request/node_modules/http-signature/node_modules/jsprim',
101 silly rebuild set   '/Users/przemol/electron-quick-start/app/node_modules/ngrok/node_modules/request/node_modules/http-signature/node_modules/jsprim/node_modules/extsprintf',
101 silly rebuild set   '/Users/przemol/electron-quick-start/app/node_modules/ngrok/node_modules/request/node_modules/http-signature/node_modules/jsprim/node_modules/json-schema',
101 silly rebuild set   '/Users/przemol/electron-quick-start/app/node_modules/ngrok/node_modules/request/node_modules/http-signature/node_modules/jsprim/node_modules/verror',
101 silly rebuild set   '/Users/przemol/electron-quick-start/app/node_modules/ngrok/node_modules/request/node_modules/http-signature/node_modules/sshpk',
101 silly rebuild set   '/Users/przemol/electron-quick-start/app/node_modules/ngrok/node_modules/request/node_modules/http-signature/node_modules/sshpk/node_modules/asn1',
101 silly rebuild set   '/Users/przemol/electron-quick-start/app/node_modules/ngrok/node_modules/request/node_modules/http-signature/node_modules/sshpk/node_modules/assert-plus',
101 silly rebuild set   '/Users/przemol/electron-quick-start/app/node_modules/ngrok/node_modules/request/node_modules/http-signature/node_modules/sshpk/node_modules/dashdash',
101 silly rebuild set   '/Users/przemol/electron-quick-start/app/node_modules/ngrok/node_modules/request/node_modules/http-signature/node_modules/sshpk/node_modules/getpass',
101 silly rebuild set   '/Users/przemol/electron-quick-start/app/node_modules/ngrok/node_modules/request/node_modules/http-signature/node_modules/sshpk/node_modules/jsbn',
101 silly rebuild set   '/Users/przemol/electron-quick-start/app/node_modules/ngrok/node_modules/request/node_modules/http-signature/node_modules/sshpk/node_modules/tweetnacl',
101 silly rebuild set   '/Users/przemol/electron-quick-start/app/node_modules/ngrok/node_modules/request/node_modules/http-signature/node_modules/sshpk/node_modules/jodid25519',
101 silly rebuild set   '/Users/przemol/electron-quick-start/app/node_modules/ngrok/node_modules/request/node_modules/http-signature/node_modules/sshpk/node_modules/ecc-jsbn',
101 silly rebuild set   '/Users/przemol/electron-quick-start/app/node_modules/ngrok/node_modules/request/node_modules/http-signature/node_modules/sshpk/node_modules/bcrypt-pbkdf',
101 silly rebuild set   '/Users/przemol/electron-quick-start/app/node_modules/ngrok/node_modules/request/node_modules/is-typedarray',
101 silly rebuild set   '/Users/przemol/electron-quick-start/app/node_modules/ngrok/node_modules/request/node_modules/isstream',
101 silly rebuild set   '/Users/przemol/electron-quick-start/app/node_modules/ngrok/node_modules/request/node_modules/json-stringify-safe',
101 silly rebuild set   '/Users/przemol/electron-quick-start/app/node_modules/ngrok/node_modules/request/node_modules/oauth-sign',
101 silly rebuild set   '/Users/przemol/electron-quick-start/app/node_modules/ngrok/node_modules/request/node_modules/qs',
101 silly rebuild set   '/Users/przemol/electron-quick-start/app/node_modules/ngrok/node_modules/request/node_modules/stringstream',
101 silly rebuild set   '/Users/przemol/electron-quick-start/app/node_modules/ngrok/node_modules/request/node_modules/tough-cookie',
101 silly rebuild set   '/Users/przemol/electron-quick-start/app/node_modules/ngrok/node_modules/request/node_modules/tunnel-agent',
101 silly rebuild set   '/Users/przemol/electron-quick-start/app/node_modules/electron-squirrel-startup',
101 silly rebuild set   '/Users/przemol/electron-quick-start/app/node_modules/electron-squirrel-startup/node_modules/debug',
101 silly rebuild set   '/Users/przemol/electron-quick-start/app/node_modules/electron-squirrel-startup/node_modules/debug/node_modules/ms' ]
102 info build /Users/przemol/electron-quick-start/app/node_modules/jquery
103 info preinstall jquery@3.1.1
104 info linkStuff jquery@3.1.1
105 silly linkStuff jquery@3.1.1 has /Users/przemol/electron-quick-start/app/node_modules as its parent node_modules
106 verbose linkBins jquery@3.1.1
107 verbose linkMans jquery@3.1.1
108 verbose rebuildBundles jquery@3.1.1
109 info install jquery@3.1.1
110 info postinstall jquery@3.1.1
111 info build /Users/przemol/electron-quick-start/app/node_modules/bootstrap
112 info preinstall bootstrap@3.3.7
113 info linkStuff bootstrap@3.3.7
114 silly linkStuff bootstrap@3.3.7 has /Users/przemol/electron-quick-start/app/node_modules as its parent node_modules
115 verbose linkBins bootstrap@3.3.7
116 verbose linkMans bootstrap@3.3.7
117 verbose rebuildBundles bootstrap@3.3.7
118 info install bootstrap@3.3.7
119 info postinstall bootstrap@3.3.7
120 info build /Users/przemol/electron-quick-start/app/node_modules/ngrok
121 info preinstall ngrok@2.2.3
122 info linkStuff ngrok@2.2.3
123 silly linkStuff ngrok@2.2.3 has /Users/przemol/electron-quick-start/app/node_modules as its parent node_modules
124 verbose linkBins ngrok@2.2.3
125 verbose link bins [ { ngrok: './bin/ngrok' },
125 verbose link bins   '/Users/przemol/electron-quick-start/app/node_modules/.bin',
125 verbose link bins   false ]
126 verbose linkMans ngrok@2.2.3
127 verbose rebuildBundles ngrok@2.2.3
128 verbose rebuildBundles [ '.bin',
128 verbose rebuildBundles   'async',
128 verbose rebuildBundles   'decompress-zip',
128 verbose rebuildBundles   'lock',
128 verbose rebuildBundles   'node-uuid',
128 verbose rebuildBundles   'request',
128 verbose rebuildBundles   'xtend' ]
129 silly gentlyRm /Users/przemol/electron-quick-start/app/node_modules/.bin/ngrok is being purged
130 verbose gentlyRm don't care about contents; nuking /Users/przemol/electron-quick-start/app/node_modules/.bin/ngrok
131 silly vacuum-fs purging /Users/przemol/electron-quick-start/app/node_modules/.bin/ngrok
132 silly vacuum-fs removing /Users/przemol/electron-quick-start/app/node_modules/.bin
133 silly vacuum-fs quitting because other entries in /Users/przemol/electron-quick-start/app/node_modules
134 info install ngrok@2.2.3
135 info postinstall ngrok@2.2.3
136 verbose unsafe-perm in lifecycle true
137 info ngrok@2.2.3 Failed to exec postinstall script
138 verbose stack Error: ngrok@2.2.3 postinstall: `node ./postinstall.js`
138 verbose stack Exit status 1
138 verbose stack     at EventEmitter.<anonymous> (/usr/local/lib/node_modules/npm/lib/utils/lifecycle.js:217:16)
138 verbose stack     at emitTwo (events.js:87:13)
138 verbose stack     at EventEmitter.emit (events.js:172:7)
138 verbose stack     at ChildProcess.<anonymous> (/usr/local/lib/node_modules/npm/lib/utils/spawn.js:24:14)
138 verbose stack     at emitTwo (events.js:87:13)
138 verbose stack     at ChildProcess.emit (events.js:172:7)
138 verbose stack     at maybeClose (internal/child_process.js:827:16)
138 verbose stack     at Process.ChildProcess._handle.onexit (internal/child_process.js:211:5)
139 verbose pkgid ngrok@2.2.3
140 verbose cwd /Users/przemol/electron-quick-start/app
141 error Darwin 15.6.0
142 error argv "/usr/local/bin/node" "/usr/local/bin/npm" "rebuild" "--production" "--cache-min" "999999999" "--build-from-source"
143 error node v4.4.7
144 error npm  v2.15.8
145 error code ELIFECYCLE
146 error ngrok@2.2.3 postinstall: `node ./postinstall.js`
146 error Exit status 1
147 error Failed at the ngrok@2.2.3 postinstall script 'node ./postinstall.js'.
147 error This is most likely a problem with the ngrok package,
147 error not with npm itself.
147 error Tell the author that this fails on your system:
147 error     node ./postinstall.js
147 error You can get information on how to open an issue for this project with:
147 error     npm bugs ngrok
147 error Or if that isn't available, you can get their info via:
147 error
147 error     npm owner ls ngrok
147 error There is likely additional logging output above.
148 verbose exit [ 1, true ]
